{"C:\\Users\\solba\\OneDrive - U-tad\\Documentos\\Javier\\2ºDAWE\\AAWW\\UD6\\github_Actions_UD5.1_Javier\\app.js":{"path":"C:\\Users\\solba\\OneDrive - U-tad\\Documentos\\Javier\\2ºDAWE\\AAWW\\UD6\\github_Actions_UD5.1_Javier\\app.js","statementMap":{"0":{"start":{"line":1,"column":16},"end":{"line":1,"column":34}},"1":{"start":{"line":2,"column":10},"end":{"line":2,"column":31}},"2":{"start":{"line":4,"column":13},"end":{"line":4,"column":37}},"3":{"start":{"line":5,"column":16},"end":{"line":15,"column":1}},"4":{"start":{"line":18,"column":2},"end":{"line":18,"column":43}},"5":{"start":{"line":21,"column":12},"end":{"line":21,"column":21}},"6":{"start":{"line":23,"column":0},"end":{"line":39,"column":3}},"7":{"start":{"line":24,"column":2},"end":{"line":38,"column":3}},"8":{"start":{"line":25,"column":33},"end":{"line":25,"column":44}},"9":{"start":{"line":26,"column":4},"end":{"line":35,"column":7}},"10":{"start":{"line":37,"column":4},"end":{"line":37,"column":16}},"11":{"start":{"line":41,"column":0},"end":{"line":47,"column":3}},"12":{"start":{"line":42,"column":2},"end":{"line":46,"column":3}},"13":{"start":{"line":43,"column":4},"end":{"line":43,"column":34}},"14":{"start":{"line":45,"column":4},"end":{"line":45,"column":16}},"15":{"start":{"line":50,"column":0},"end":{"line":53,"column":3}},"16":{"start":{"line":51,"column":2},"end":{"line":51,"column":27}},"17":{"start":{"line":52,"column":2},"end":{"line":52,"column":48}},"18":{"start":{"line":55,"column":15},"end":{"line":57,"column":2}},"19":{"start":{"line":56,"column":2},"end":{"line":56,"column":62}},"20":{"start":{"line":59,"column":0},"end":{"line":59,"column":24}}},"fnMap":{"0":{"name":"getAnimal","decl":{"start":{"line":17,"column":9},"end":{"line":17,"column":18}},"loc":{"start":{"line":17,"column":21},"end":{"line":19,"column":1}},"line":17},"1":{"name":"(anonymous_1)","decl":{"start":{"line":23,"column":13},"end":{"line":23,"column":14}},"loc":{"start":{"line":23,"column":39},"end":{"line":39,"column":1}},"line":23},"2":{"name":"(anonymous_2)","decl":{"start":{"line":41,"column":16},"end":{"line":41,"column":17}},"loc":{"start":{"line":41,"column":42},"end":{"line":47,"column":1}},"line":41},"3":{"name":"(anonymous_3)","decl":{"start":{"line":50,"column":8},"end":{"line":50,"column":9}},"loc":{"start":{"line":50,"column":33},"end":{"line":53,"column":1}},"line":50},"4":{"name":"(anonymous_4)","decl":{"start":{"line":55,"column":32},"end":{"line":55,"column":33}},"loc":{"start":{"line":55,"column":38},"end":{"line":57,"column":1}},"line":55}},"branchMap":{"0":{"loc":{"start":{"line":4,"column":13},"end":{"line":4,"column":37}},"type":"binary-expr","locations":[{"start":{"line":4,"column":13},"end":{"line":4,"column":29}},{"start":{"line":4,"column":33},"end":{"line":4,"column":37}}],"line":4}},"s":{"0":1,"1":1,"2":1,"3":1,"4":2,"5":1,"6":1,"7":2,"8":2,"9":2,"10":0,"11":1,"12":2,"13":2,"14":0,"15":1,"16":0,"17":0,"18":1,"19":1,"20":1},"f":{"0":2,"1":2,"2":2,"3":0,"4":1},"b":{"0":[1,1]},"_coverageSchema":"1a1c01bbd47fc00a2c39e90264f33305004495a9","hash":"7a79730a1a2053175261134217b67effa1ed413e","contentHash":"9de048190d0eef269f7e609c46ab168e528306b7c5fda0a803d1e6a75bf187c2"}}